<?xml version="1.0" encoding="UTF-8"?>
<!-- Generated by org.testng.reporters.JUnitReportReporter -->
<testsuite hostname="CarinaE" name="se.examination.otherclasses.MultiGameTest" tests="5" failures="0" timestamp="7 Nov 2016 17:21:30 GMT" time="0.115" errors="0">
  <testcase name="testRunGame" time="0.002" classname="se.examination.otherclasses.MultiGameTest"/>
  <testcase name="testCheckAnswer_true" time="0.048" classname="se.examination.otherclasses.MultiGameTest"/>
  <testcase name="testCheckAnswer_false" time="0.028" classname="se.examination.otherclasses.MultiGameTest"/>
  <testcase name="testNewMultArray_getResultArr" time="0.008" classname="se.examination.otherclasses.MultiGameTest"/>
  <testcase name="testIsCleared" time="0.029" classname="se.examination.otherclasses.MultiGameTest"/>
</testsuite> <!-- se.examination.otherclasses.MultiGameTest -->
