<?xml version="1.0" encoding="UTF-8"?>
<!-- Generated by org.testng.reporters.JUnitReportReporter -->
<testsuite hostname="CarinaE" name="se.examination.otherclasses.PlayerTest" tests="5" failures="0" timestamp="7 Nov 2016 11:53:34 GMT" time="0.003" errors="0">
  <testcase name="testSetAndGetPoints" time="0.001" classname="se.examination.otherclasses.PlayerTest"/>
  <testcase name="testSetAndGetCompleted" time="0.001" classname="se.examination.otherclasses.PlayerTest"/>
  <testcase name="testIncreasePoints" time="0.001" classname="se.examination.otherclasses.PlayerTest"/>
  <testcase name="testIncreaseCompleted" time="0.000" classname="se.examination.otherclasses.PlayerTest"/>
  <testcase name="testSetAndGetName" time="0.000" classname="se.examination.otherclasses.PlayerTest"/>
</testsuite> <!-- se.examination.otherclasses.PlayerTest -->
