<?xml version="1.0" encoding="UTF-8"?>
<!-- Generated by org.testng.reporters.JUnitReportReporter -->
<testsuite hostname="CarinaE" name="se.examination.otherclasses.MultiGameTest" tests="5" failures="0" timestamp="7 Nov 2016 11:53:34 GMT" time="0.052" errors="0">
  <testcase name="testRunGame" time="0.001" classname="se.examination.otherclasses.MultiGameTest"/>
  <testcase name="testCheckAnswer_true" time="0.027" classname="se.examination.otherclasses.MultiGameTest"/>
  <testcase name="testCheckAnswer_false" time="0.011" classname="se.examination.otherclasses.MultiGameTest"/>
  <testcase name="testNewMultArray_getResultArr" time="0.006" classname="se.examination.otherclasses.MultiGameTest"/>
  <testcase name="testIsCleared" time="0.007" classname="se.examination.otherclasses.MultiGameTest"/>
</testsuite> <!-- se.examination.otherclasses.MultiGameTest -->
