<?xml version="1.0" encoding="UTF-8"?>
<!-- Generated by org.testng.reporters.JUnitReportReporter -->
<testsuite hostname="CarinaE" name="se.examination.otherclasses.DivGameTest" tests="6" failures="0" timestamp="7 Nov 2016 11:53:34 GMT" time="0.063" errors="0">
  <testcase name="testIsCleared_true" time="0.009" classname="se.examination.otherclasses.DivGameTest"/>
  <testcase name="testCheckAnswer_true" time="0.013" classname="se.examination.otherclasses.DivGameTest"/>
  <testcase name="testNewDivArray_getResultArr" time="0.009" classname="se.examination.otherclasses.DivGameTest"/>
  <testcase name="testIsCleared_false" time="0.007" classname="se.examination.otherclasses.DivGameTest"/>
  <testcase name="testRunGame" time="0.001" classname="se.examination.otherclasses.DivGameTest"/>
  <testcase name="testCheckAnswer_false" time="0.024" classname="se.examination.otherclasses.DivGameTest"/>
</testsuite> <!-- se.examination.otherclasses.DivGameTest -->
