<?xml version="1.0" encoding="UTF-8"?>
<!-- Generated by org.testng.reporters.JUnitReportReporter -->
<testsuite hostname="CarinaE" name="se.examination.otherclasses.FileHandlerTest" tests="1" failures="0" timestamp="7 Nov 2016 11:53:34 GMT" time="0.006" errors="0">
  <testcase name="testSaveDivGameToFile" time="0.006" classname="se.examination.otherclasses.FileHandlerTest"/>
</testsuite> <!-- se.examination.otherclasses.FileHandlerTest -->
