<?xml version="1.0" encoding="UTF-8"?>
<!-- Generated by org.testng.reporters.JUnitReportReporter -->
<testsuite hostname="CarinaE" name="se.examination.otherclasses.DivGameTest" tests="6" failures="0" timestamp="7 Nov 2016 17:21:30 GMT" time="0.146" errors="0">
  <testcase name="testIsCleared_true" time="0.022" classname="se.examination.otherclasses.DivGameTest"/>
  <testcase name="testCheckAnswer_true" time="0.031" classname="se.examination.otherclasses.DivGameTest"/>
  <testcase name="testNewDivArray_getResultArr" time="0.017" classname="se.examination.otherclasses.DivGameTest"/>
  <testcase name="testIsCleared_false" time="0.023" classname="se.examination.otherclasses.DivGameTest"/>
  <testcase name="testRunGame" time="0.005" classname="se.examination.otherclasses.DivGameTest"/>
  <testcase name="testCheckAnswer_false" time="0.048" classname="se.examination.otherclasses.DivGameTest"/>
</testsuite> <!-- se.examination.otherclasses.DivGameTest -->
